U2FsdGVkX1+Lv9aOpK5aZRWkznMpQGvK7mrNFR2wIF5mOXT8/jnoWwuduY2kwnkP
uiE+8Kzdv6hh6XuirZboA/H+skPwCJ23ztOZzdWACMuWWa7ByFjAwZkdEJD9gWPD
b0GFdQ7T4vZcdtlZcEE7RVBz08h5g7NZZGrgJiI9ZcTbtRD9JZzgNLPlbjgFSf99
BxwkBXbupUISR1vu/mIxRqVdF8sxnba4uykNml2tV1nwRXsXnSvob9XG0n4nODcj
VOkS9W/eaASaUJ4JFhthKdvUxzEOpL85F6QigdGMorf8d7cZ5dWQAzXTmpztxzG1
K3FG26UNAfGdvLj+H2ci0naO84KzZr4vU4r/cWSXLpeMfuoAsI0B7EH6bOMlGJvz
EtNmeMZ/WcUFRjtnjOlhOY/l3YK9/EOQ2lCSpH28REV5PX9GWS4HYdUdHbniQb5O
U6kdhjS5IojpXr5kkqISuurJcfhvxhW2dsotgHxt3cAu/ItyW9RlMGZv+phB0fgf
TjGyYrJcSbCyLw/eImLSADxGWd19eDTU3WlHDDLvvj8hs9u8/cnqAicfxnmB/lEb
43dvsrf6+yOiFbx2K97LWn7+A76xmTJVXlJ3Dnxi/0ZhNjV4Q0+EcqaL3Xd+VC1Q
k5Zk7Zdk5Cwp0H1CFN/dxHRj+R80aiVoXPpzqKxUZwNcbfDQogD0VuSdZUFH55aB
lPW9bxFYKg1r8TXZAcCZHLyQGzGgYIhuPKKKnh4gpeWr85Y64WQzFfzt5ZEjzoMs
SewOEP+p/sCA5Ol6tWGiDqBWgLatvBWR+TSQs7gMyLsqwHsRRq66R2aZh02E7ZnI
XeSDcrVof/37PD+R1iWzu16eIeVlyyF8GJutAbGYLX45BJkC5zJ4eM6DLpHjEjJ4
+TZTzzSIaU2uTTmf1Rg/MY9Tj2g5bA8s15WFkoenhrashGnx/6dUYxsUsKh28d+b
XykUAzvsXW17trJNVHiCI6FB31FWPuc9ZxLQ8HtB2urbjkdT0UaI7bzKJskD4GSU
T9YQqqzmS4LuTbijDslPXQGwRIZ1J5jE25lxexua0viKUpXrSkEyK3sDr/F3BDXp
Hr8Qm2maAB4/dPVvKcPYQo4vATb9Z9T6EVsjxtsPSgSCYs4HhCjq4dAt9Rre0dSl
UtA9LPpC80tcpgAEHIf2ZECCQvuCVSgE2ztM9dNXNGLA8W94jp/aZ8jMzFNt5qOJ
4oxYbq8xZ2RBm2TdE689omYfrUitYFmV9k2OhBVN890ZWjwKD2S3TKD+Guk8Vzi2
CFuze86BcAvYkcd98GFLiCIbln4wPzrtmxcbAEIxRkm0ron+1soyd1xay/6InRFj
x1gKXNs82jTBJ+DYc960wZhoczHVwngr/s/NPTcu8FKM8GSYfU8nN1iV/g5xnKyn
2Pvb8pQGDhVkQRvX2DFtr9ZEP+DhklLbaY38DNXTU6jAkV8dAVomcO7SZ1DLiHJ5
Rj4m4H67gCf0UYuJ5ZcML4WCawwqucffQ9xFMZdy//Sk7HRftj1oGy/L7KuaT1zm
POUbP+ofk2JtV8gh+qV9kQHQWiM2oWFrUbmo+UwTSdSp/+BJquaOLBfBQGg2+1CB
VpzcHACZoHI/Q6gAc1olk/n3G17UCVcozSo2BO08mnedNtnb8JFh6/A6HAABPBUJ
hEKLSgOeB3f4Rc0KlD4GIWLt3NdWAU3m7qsrzTWJKpajLOQLO0rbXCXKI6Hx6q+E
07WpgBkkrO1df64LcauSrYx0Gj49BpIoQ8tNpDiR8BsH9QC/6Gfqw1iB65kUFQaU
MuXzwfUCMPPSyjO+l3tp1v8zO1piAU7P5nSBxAuEFf/KUd7Zik2cMd4FFNI1k4/Z
CppJPbXyqH73hGYgaqziXIvkZYu8b+Yv0OQ55ghkd60W1SqfER0rcXOKqtCwKmzA
Cq5RxRLkiX1VlCnfvi/b3Yt5+LIqMvbraKDa3hhibCd5g86GtFUUuFiBaWiUKchQ
cl+aMfwsYac+HPhUTuqrOnIYUi5v2jnzQGRjQbV2u9ujknZP9mGdzobq0BwXR649
SufwAgrc0ClW61RqhXe/IL4e3KoND4XLuhUwp3V8u5xRGhEtVmivjoybhd9O3zjW
29TYUTKPyDVHZQgHywMEVi3BTH1ddDXUdrf+sMO9Rl1lK8pB7GKI3J+lGyAFU08w
+CPQYqqd8ttiPNqlTCoX+weNWod+GF6oAV7bST61SMvBb9UoA/MoWPcPrD6wyx3h
S42km6zaiMjfs+3Vyl0/znKz/gzZL6qYcUtPhhkgKOIsoXYkuT2p2OQ/Px4c9ps9
InQ3wtEXZb8VjGM9A2UUgYuH23DTK33Z3QdktjWSaVKt3lecr//IDQ+ummmb6Vol
THAN6rmtmlomi+ldwX0+/tAGDUCs5eyhrVOwRtUevBxcfaBUubrw7CM5qq8qNapM
pq1daMwGK6wgdZw2Ohby+vGbK7feQ+i72pBVWIpMfhga9VnElK3LW2tLFcRg0ccH
aTcMAycGRg2shyvfijW4kCN5kK40Tqlmm+rjEEu0mc10PnhWH6sbUbEYbmiXnmBf
2sYgzvsNfBpAU3DCIbAlO0lbK/7+qq47grAVWyhXxsbsThhR/IG58XxGieYeol/v
ZydL8XKcRG8OPJEdQxjdKHswB43CyQ/IMg8LBRjv9z6eUO0p8LYtS/y+nuyRYatK
5skiL8kGXf0KrN9ZWkq9jmHiRcNCXwyliTjpPXdisui8/xi/iaUg7WuS3OgWfk2W
Q6BFna7BerlGZNEwMp20Y1uMBToivJTnANiaouPeEyZC+dWOSlmvq8NsZ8IdkvR/
2dd4uymHtk4yaCsKT//m61Xg1xjXstF+pB1E0diG7kRFa9pDCR3s6a/aTopHtOso
GE8lb62gwMGTG2qOYDH8Izenirlj09tV2h4P8PZfdWT57JO/4i6kvIPj3zX4lUwY
QQ6Y0pRyNT1NaXFToR2BJzBFjSJ3odSnBdDtpgLv3q2MKGNaoZURQefsP0Hea5JR
/BvWqZ7r2yzX2GJ7lAw+RYEAViqHCrgPhM8eiga+fSQIYQ0PEQnUg7hTxWk/zs+u
vPlh763QTT58woSJN1wsDYRc5e6dJ2HWXV0azna03gGCerOFifVCOH7+l51OeSTw
/hcyTMyhuzSw+uQm6drkey473UOyKkkQaBLVDFGEKLu54lUnLHZtyhrzIYbgxA/f
6F5M5v+PqsxODa6FOfib+2Y+8zJXWUKuwNJrBmv4NMdXCze4zx7m/GJkqHSdEJ63
Bw2hrMzQTWBBCtI92DO5bwcRH83evZFwtQe5T8bAWtBwnRpYxav8xUPrjJvsrpZ1
vWoU9rhHBO1voaWwJNFsa36mHxvSIIO6B1n/Du9m6JtYo6Jn6Tu6wKE8E6v6T84R
fnwWlr3NBX/PS8cJM5hbs+3iBNaV3TU8Wmz0qpKrJxpzM1f7pvOFphpUmXCcuF5O
JK7Ti3K/1CNHnsHooc1xJW3Ty9o17h/MVXFS0fMCNkf6dwB9FVE+O5hBoVyawvPY
MCy6x5po/y+fYnddzl9GGXPxWzNqmFWJvu2bYebJCoF0CAVE+HvyP3idb9SP0eOF
DrjlyI2RQSocFhgnCBsTNWgbbB100Oy/KF7BNbJDMF93dc8cjw5a97Pm/tbA0jHT
OgUATe8bVnchg+0Ru61smy46pw79A53OOw72BjwGXOqqf+bOJ6CyGi14ykA1d2fD
jkuINjuQeHbUEzDpkA7LeKdeZ5Wam64I+PeGIxrynx3IrhzZUycUIESG8+u3enpW
Ngzpb51wMu3t896GOLjLesuMQ+Hd2XibufB9UKZooxVF0z90pKSNn5vmyDnm4oJT
GL9m/lZhmj6mjfe5mJZ7DnMf47jII6jsn7ny9keHSMjhDDPB8GIHovE6ZUGO0lha
bMdcSkixatAbF0nAbSRoRA1V8gwBWfjyYZ6wfsfKXsM4fkvyA0B/9WRTUt51SyC7
JKg8CWQqLylDPUhcCSrUD4NxSO7JCFtF8il1eVI/5vy2H2F+E4xTTq8l+mbleLWd
4y/kl6PZwk3yL6rHbT2HZgUK+rhtoee7fccoCrzyijFh9AK137SHOeKzoVxQjR3q
adNxl4VFi9/RMu7NPCue8zjgs1ZiXImo9zeXiAuWnZNwci0k+Xa/CqUL7mC1yZRE
n6jh5SEPkA13VWUOOGTaQ/q92sHUUupcKlbf9P/SvO52Jc+Pndb+ujNUi5njBWDj
nI1rd9+3IKE/xD9BkSHMMDYtCVlO3bz9dbD8/8WwYtUMZnGdd3l5boSn0IyRHk1e
qCQnBozoq6Cm2OLHIJpBzR8BRiqGTpo65d57r6Wd/iBw63SaSXLpbc18OBHa4Qzt
KljjJfKbXJ1LANUJKAqBc/kMir83LsbagptkW2IFVnZ5fJ9FuYiTPzWlHoBteBNg
mSDV0V1xhQaXE9OmHF1BzoYcwttxQror1rBm+yMsDw+880rRHQMbkXWrqzb3m62c
6t+dpzWf40vWjvi4Vop5DkArH8Q5I9mT5xTA8k9pH64+mJUUQOGm20/9vSZlBXev
O3GmuDFqmuNet86HkR2WbSidxIW/14lUmcXJiz56bg8JBQvmA9/3ytIIPoIqqLwV
2R7CViL/7qHN0rypwxhKQAiT9VDMzM6ftkDdGiDvnWtaIlJvBjfXFrBfeYLUoebQ
UPenZn7q5CYu8NGQxfHJwYXmArMsc/CzzVihzNW8QRLRGHGvcj2HpqH1Wzajx1IQ
PDi1/3ODfJUsFryhYrvtHyfXsWbf5ALDFU5l0gdsDfOKnTlnx67c02s7uC6olNyD
aAPgV2Mw183TfMr7zO4WlanGI6vvXI4HSqG7CRj0s7BJ0iQUOuhh8rKxn1avKL2a
86XjFgqfVaU8oGKD+ckyZCPvNnkbkGLUwoyjXsZd3ot/O93lpYco09glSMuRvr7F
S/D+Kx2fFASo4uM3IyuSi1AKOfsOwRqnB8H8xJldRcovz87DJ5TvrwaVZbO3Up1d
HHEMEshP4Lc9YXgAubPSseGf/iNVhZHADbVJSoEwdcn1CB4voxgY3TMkFXZSVOcN
QT7Er3QzhkLjTa+zj8XmOq0e1Megpl6k5L41t0garBOG58s6IVCZWN4u8ui5hVMe
IPBPYGWhNv3t6jk9m2yhpCjBezGGCiFi8SMeydRPgBeiAKyuzKFRqd+XaHgDfIpY
oWAbRzbNusdLTK8oFSL5usR+5f1w2uFzi4DGdiChR304z54bkscn6iLfDtC7vAZg
AUwcPaGgcmkDDjgs47OGudF9UE6CJpUVM9myKqx+EmH0p+K4Hv6RxwjoJdknf2DM
p0v1MCQg1U6gGcZ0ReQL7QIB3Ssdsq4CX+/qnePHuR0dAvbae9L9BrZxGmokkCxS
UfXTgpNj8G/az0lFusNs/XM04NhVBLuYckzbeLr+UijzF6vICuVXBWwjwDsRDgJG
R4rvI9L2bARePENMVLHbybKcuS8qfdHEIC2RYnzaFUKW/9atE3XuZLVWKZKNQyow
JZ+v6wximBaoUh1vI8Fen4BpKqGq5x7cawWtEB5ZZLwNUiBC9V6YsInHHTdg3MlU
a0/EacHEC+IzP4wJ645GbH/LMjnekYPz+foIHElokcGOUXlXlwEOPbpdOfsf/I9z
xzIkZ+h2XC/gTypwRPgOtJhAD+aM5e3hRmczG86QZSjkIRLYp0AOlfayGyptqWYq
y7g+uN3eRlF8Yl1rdhlTYPLIFFM0X2FdYHZ1JFgsiovQp12qf9eh1lJCMwskBXlg
q/L9dK3LtmBMqeupd8RaxSHwKVjKhrbkmvr/9NYBPDeDM254hv4W85D+j5JgxNRd
Ua/dzItQBxdzQzBnH1OEWamwJooZMKHzlSl6qNrgfdslOPSq9b9m9ip8CEqk4HwV
41bvG/z84AKeKRt6yQk2Tn8xV5LlRPpNIdrwU6DOgNztn6sMRlk6onk3KelSiYiv
8phjrqITeBnG9P+git9t7tgg0wLURhTSjQdQ5VTJq/iG8PAa3TpD4uUdSxY/bTLX
8UKDjQT9IanGkedwXGN9vGynvNfAMt+Cv8u86GA7GzZYl7z/mK5mpmWBn9O+rYOq
oCbNVODxNcQYPfd2iw5Ai0LuSGCIOlEZbAMOD9HEStpclztyw+pNQ2CQLMqGDUHH
3G/q+Sxf0eZt1Gsb4jlb30pBpWZ73PvTpLhh53k1x/22yVs7rOH7+R/pzNKPSRFL
Zmm/aOxpK5YOwnLkT6ggtadMkLg+xtSPWkQ/s2Vhkk1WYHw+jR20wvv4EhyQEBWr
QggJ4RgrgHV8H1C0xQidLipwGAN4p0P1bGVDjQBxBSbR1MDJ9Jeb0fJex9BPvYUo
+AxiWR6srYUw3D/44zU3to6MAOL/Fa/kYIL+6OoVWoQKPvWd/iPO0RR52WA3UNC7
6eHXoj3aA6t2qOjJ/KYzwljhkDAvskC/myOUBEoJ3f9IklogYaK8la+VqEFvTzJE
5yJhkiNLkNW3q0k853VXdgWdR8KdhCholPt/Te1pkPjVhqB4xYvXB2JpuGMAFWwL
e76IjFDzWLHWoRM+Qb1kkKMVc/N6XhGVCezh3ZnBk813CcwfKC4hSJbYhxl+QBW8
SB2fFaxNo50x/ZZu3aHtfkhIqWyTlSzR1lVFAjsrh5DVxlS+vxSsmjdFkWjR457J
flYgXRY45kzDzx4dYawcqpQkXqoe8wuQfYjFlcd9UIv273xcfX/YPS8jp/9s61vg
WVeoM2Tev0fxI8W6niI1KlVNGWgwkaAsDTnlza71oXX/2Go2Wc5Yibs0NooRCcRo
O0Xeybb3gPtmAGG5bf33juc2Nez+XK4bEFsJfDYNOjSPWqOAbfHT6anhxXbGM2oJ
D3EbTDJcEsF2hd6r4mN5/suV6HgrrY0G/MyyijkCprVrBIpkJAxCboVR0SIahj4w
7r07mE6gDt1Cqrrsvo8OfYG7fe/OxoZDLGRhyF7W9UcjdLXfna0cieNiIqoZ1b6b
QF59xEBkxUt3ccB4gMbF8US8ccVw4mNWfN0v7j0LjhxmK64SMLm7205oVtREDl7K
gZEqZZ4GkE0rqREaAVcv/6rBeaOkDV59PVZyrKDfnxiZyF/8weuF3U1dQzv0Pmut
2S+NlX6XKnJNrf7s7xr2C/eiisUz5MzIX/jV9zx+MhLGV7tQpRiwuBqWo5+atJtG
4Qah6KVGvIYTHQzdOs8LdKuKZuI6oaUx8BJdFSV9cswgF/6Fng0akyX5SxCbV3PM
jq+Snn2IEi5FkLVgy5V/UP5pnxBB8lNpwC92ZQmQE5DIlNUBw3q0IOUXErt8Kx5x
zq6C1jVSQyy7N1plr5IrbolQVuid/+fsSnp0yYmZq3VTr7jmjP7SU+6at2R2Pdwz
v2njv6GC5Axl2IaTqXQhqV5v8Ldc0ch9E/mlYNXzPImGHxpZP8Ofk+mcOeHQX6xH
ptDXgBAWWldzRxxSN9onDC/FUocDRHmkClG/NSvQV0nTFZ5d1sv6Nw826a3YfoKY
iX3zEnW09leId5oKEFgOXKzJ9qPsWS2Lft/10ZhYg/6AxPCX+/50tpxfjZSv3qnl
onh/sC2fGqGkHFxLDqOxGoMcYQ3eKppw2YY+ipJfb3lpjlIl3Jpriy5SZEJnSHk0
t2lTYHtcudb3bkHJw1lyN/Z0Ji6VKS0mAQV2zAUfjIbJ+c+i5i8uaw+Hsa+/ACyN
Wry2vJEL3xKUsn3Zig/ZTrx1bQkF8hvDhJCkteFPEOdLDDPMMoTUNanSjBA6AunT
ZUECnqdU9EVAlmPZxBMvIEVLwG6E0fbN13skKAxF2s41IM5pv7VFqg8jUO54Y6pz
CgPVH7sZ6Rla9J1odjNUJ5tXiulG21p3VtXwY7s+ZIcomBjVNkm9gX+QIgP+DQPn
zJglzRuujthWT5RiFKBZFVnN15ZlxJ1R5Q4xi6/69Vvxx9xwPgoY0x5sP19NdR8A
bk2Ca9Up67uFw7BE1BPgd6uLNYJNk0VehmCJmxVuzqc0bZWAwtsUIg8eraCdR95n
5VomXJfI+eWM1s8UHTa+p7KPBOk0ydxK4uILSfrnsuGJ+n3O86g5oD9Gk+1sYfqS
PPSLfIa2hDGOB3eCxpQlIRMuoJtgtF27iq2goXLExTj1CoQI6WzBDEZKnmlrS62m
EINRXx8Ws6n1Gf7nsfC2DStpiCCBWJDc7mnTa6IaBQHNqp1xVJGIekSZyO1KbRRi
1tUZ7s+fERUj4BQjz5eMwKGMiqtrYvDOkQHwqOhiEdCRsqQQvBY9wAZHCFGjr8S2
qw3vrlZbHqoVNKmOJ/opI1aGqBNfDfZ429CqMw7QnH3tfN0ei9X6hM7Ba2balK3W
hURWmlNzL8T0kSpX3K+XhBccp8EZLXdGCnqYtYNHVCCdjdxjcin6Le4cnptJGXPJ
z1hOBL506cbRIjYXqh+zs4vahLRbEKUXLLfMYQmImqK7XkFCmdXOuEiJEsYt/O+n
PeMKbaG6CKNajwxQuEU2cz6uQAQ4rSkPgXfV/A8hWYw8ygltu9QZ4LjiLa7ptf/6
0W92X0Rid8Xk6DNH9o5RIETo9gO3AqTJlxREJqLq2pIDj0GN8YgoD6rWgtr/C8rH
K8kQCu1EoX11pewa0mPhgtcfmZPxFt5k1AaEBJLOgg/RQOQvA9herQ83hFj9vm+c
SJyuHQRNA9JCisCdug6H+p8v9i7LdguXjUQe306eubF4szQRw79AYoC7IeIFQHhB
NUv2WFIdHnR9ztOfkrYciJZYNChqN9V5/WwAbmjLo2ow/9+Wqd1QqzZJlmBWIYGo
3YXucMeodpbBBjib8i5+7eiVPCbv1gBGF2EYVI/+B6OIa3TqDOKVSZMmWsMbH/Tk
QEJA0jnxI0d+5nbjy6a7uyHG7Oj1Uiw3EN56aGxZSwlFGcYh0UA42wv5e/DRsdl0
D0qB1lEvvH1HBEI+spXlt1afxHCUUXSjmjjBPQtXQP7fqFRo2NRkR7WW7+X0zj9U
schC4UGpw1fRHzSYtbNA/v0jnrSPSwszIrM8E/HI3LRfUlMu2bwGs1fV2fygpcjl
LsGkIO/cz7xaJ17x6NyGJXv0pFeeAM/m1RPcD4bq8Qh0G7cMdzv1VujW7DJCpJs/
1JCWwiAHFxFNU8LIWf/6GaWEXRTrfJrLaw1BQTIhOsZmfaVx6wjwtXldxxb/rdbk
GKk/FR5P43ZZQB27chQsYMTnpT5xtsjkgNwY1NnicT/kAwZOstNQemaov3mlF8Rj
UQXhpzv5qxwOMcJF2GQ3xBgRBLh9AulhJjFQS4IA8Mz7Ml8Syx43VYEoOe7P3Bwc
1/BGm74DMB+2U362VleCykzz7VvSmTMFZmlZO4c7HyH0HV48FoBu5xfWO7yxs5kB
wK2hB8Z7auj1xqe4W6qeESSxwqiiXSE5uuGyBkPp6Yiy0uYShvhAk3BZ2OYQmErt
1qoY6uof9rctUenwedQhZ7NlPWpaWkbtrW7JMw/8U03NbaTp3E2AGN7ATMgos4YU
GWH2vWN3XVPWJqTxNm7uaprTTxR9dNKdyHmoj8AmLIdpvBQ3iUmY67BPwhndes4/
97C5BpemDyOg3soRVmKSASdaBf2+PM4kwFcqgTI47G8q/OQx/zDWygQ5TOV8+M1g
CsyQ9kHbapjvTy6c/2BB//AQqs91qTcMdbqgHDZaB0MNdI+SOldfayRVXKPAAwbQ
olKHNSWlK03ZrSIvqriaav3/plDyF89hhzrahThpG0FfF/EcoUuaOYcyc1bJLzZH
Qx5V/DlA5I3/VFqCX89JNn++hOdDVI/bC1t7e0eegPvdYA83n1vjrYnLbDw4bobZ
QXj6Yg6KRkp03qkPrn3atMd6oxngTtIucC+gQmhCqN16MayJNFbJLDOHWt9lbXPx
inpbDlmjBoTGzCGfhstQJ0Z+aW6R1+NKYUtQIYXkVDnNWRbQQdWYIiyihTXGCwTJ
7QaitvNErTsbaLFiXN9L3A9isAmGr4LBZ/4IAWh931DHVpoc3pxNeALXg+qblZ8l
xs+neFcHZLKYyDqjk67vlPyyQltYM2sXWbrUTB9fm5XMkvhl7yjOxR3xUf1YZ1or
i1bdvFEbsFRBBZyU8M105HQW59DIL1bXBI+HnlkM6n1kYFjUg4HLpj3Ohyb7AH6e
PzJvbSuagPWyE6dMXdLD8kZKuXyUOuXeJ6dNCLaH1Hgs0fRuttAWj5MM9+Z3QruM
lCjetGlfhdXbe3FBzFmqwcXxk1GnD3q0ppRb8ga713PG2l1aLxY0nMOA/WA8+1dK
YblpJUUQzHhv+vogXDlPOuvTU37jW+succ/1YuWHx0Sb8Hh/kAhJYLSk15rAqJfC
+7tKjnPIqPTv61NpKIc1VQ7B6qygVv7hW+7WmKfVm6bHakgERClkFqaXAzd02ZGb
OahwsBjmA4ak34rHYK/ZdcCCaHPRkWeZdr31Jt/p3pgcVs8IlE5LfP8qoroC3bJO
GxMUgJ2zByCEhvBCwhTVcQ5lY9J0qU6ZW+oleHR/edTTbCyL1sOuTS0R+nBi6MY6
Ur7CMhLw4y2KrfHU2YOAwvTYyCVX0UxHZfOeZRbznE7Xa3ZHqgrsn1r6OvN9/pNS
4Z5W3aNspf+TgypycCK87XGQjo+TMUxszIRuHbGXmJVNJTG6SHp2My+hhOkWLllv
1yzZLy6diM7nVkvKJiP8m60+oBQbTZ6VMzMX4yYzgUP3sqScEzBXVZGQhGA0nUuP
JowyG69Mu4qk2P3uR+EFNzd1JRw5mJs+Arue16gXaXyRSHw6jd2JBTDPnxk4rjDs
lTNQB/JGNKejMSz1+gg4BzX3kJ7iQUZmMspxqQr7wk7rRSIY5eF63R7f2Ihi0PEb
reA/hUpYYsZM5EsPpPYmiUtKLO9zoiSF5Vlt3NZq6gpOjRJKiN/bxn4mPVlKYLJW
sg2F/zRhn1Ew05OBhXjRKeQOGemhLohlOkzfkZb6A7m41fhyW8ixPY+uW4QCjYNK
iWSJqzzXHlDr+J3zTdkn9qTS0dUGi7jZOKgoxnXVKDn0oJKzuPM0PtrzZ9Jg3pxN
IVHsHrUl4MroPDlmq1wWKeQsNq719ASsyOcGUkoAY/HBW9ZPufeMSQgvHCFzB8qK
sd8onArqBZ8QBvuHueGH80lnl9md7GxRY5+InWqVtne2YEYFQHzgPfWJDMNLPFIM
uuwMh9JpmeeOI0gWfQ50ljdYKHSMemL1iynbdljtfJlONvIVMHC0EHahXJ5croon
Wd8N72hNctHKQN+VLGaI+xC1PGAsyifJ5bUA7e2Tp+gCAIIcR3UIxMcuVtwCaSrj
KKi/F014VOhxo0/fCAUKOyfA+NVdNmjBtOGGDR9EB/ebpVL6fC7vhmqRK1fW+DGf
HDCOqw0vBaXFdX7cyj2HN+VkO4FaUp5Tpr7Iw2rNSgVM2qJaZjBhhYVK5IEgoshZ
/+C0LVjTS92/e3AoAo2BIrQ7QW2vQEqQJc97HQ2Ybb18UGtU7NE/Jh16go2lP6zV
bMndgHp8kwkEMsxc8JskPOg3biPgJyMT3fX9ltnhVBSnkfUu9qUz3sOlFyyTejAK
8GJaQy/442nkoSh4vpdBrh8A7X82evMqfSJO79RJv4Unl3fYGixkYXWTDd0BdU3n
OTMw2VTXtRFM9oA6zQszwEhiwpr05Bo/nPRhPYhPMODq7iUejDuJJRC35Y9YiGWA
olrOMsWCdZPVgbCuYQDeSNiXllrcF7e2QDNZndUlD80EH/S2XQQqCaGr1Cb9dTY1
tLkI+7nUsqQxKWDpyJP6/z018tcoD6m7ZdckCBZOJeDKgeoWp3lgWd4xfor0duGy
8hvdktRljRgWo861b+MZFy1yXY4r+xOlr/SwjT27QgczAPQl7FomgrQpZQ8hfVPt
uHGDTHBE79WowZfgzV7/XKdQ7gL2aBYrdI7NzjgA7EScKieHjBWhINLGidxouC24
pSQqT9AULd4HvCbHiQ/0QCuvJpVZyrS/filx80weAYPSDo4vAXzUYmS086JLKyVC
G6DFthEIlsNsrIFhpumscqOv/txnp3NZQyb2mAuxfUVVgrFnAbOuHiYWG6CDU2ZS
yQGvtFfz56OnLNwT3q4u8chwrJ1U6szMOCCHboTYvJ1bo7eemKZXAe3bO13aSthx
1FS8xj3a4V3/29xFs7ogJogr4npQSP+Qco2gl+rp/Ug0LcaMiJPo4H0TMGTa8MLU
qkGOv8r0i32ua2Z9yvRvISRrSiLFAhDdYwYxVGZGXRwawaL4VD6+uw+Mj7wmboM+
f5qedKH1tntkuFLQFMbzl6STdB6I1KitOF8fZqOXrpjbtqHHSWthDsnwt1ys4vhK
9UlBm4HyyjagIuuZEr4WQOigWX7eeUgD7CCrYZ9r4o5X1qMsRmDVpbvTaIum40MY
vOU9WXLWxMbYLla1VbAMJq5hytaEIqI53To8I+AzVVRawjRIyuCoJBhqV2g6sUIj
dKDZMBWOEL6f3rzBx1aFo4+n9XrtbDDWNUta5NRuyAv/G2sQAv5U98suYxYgYS2H
bD7v8svSlD8nPuf9FQqSbTS2hHjH2D8Ok+qSQGPf2cBcrvzfS2DIVEshQw+rMqVW
1txdEtysJNg034km8jENmuzclNcyTJrU/5hSCs975qAVui9E5mMRejOTwkl0m/GW
mQYQSEHLiL37TCAuNkab5i1eIwKSIvQsNvVE2XYmTyYAqnSfCMZx+6LmLJmn7MSV
jYsZVGjEeCK5CTw0gQqwX7gwFhM9NgopZms7irNekU06i0JQpEF6mswqtOhVmaIz
Up5RPJfOXqrrtj90yDNz6hqzqtFA1LX/goahZxEPIrHw/z59cHir7hy067+P/9v4
p6vGFwI0dyDfrcIXzeWivQtqCtOPhV04CaxGGKXNixaUJAmYclgyc2ZQI/52lmQI
K2SD2roq948tU6RHXnk/Jht6OgCtzADRNJ8PXqnwQAvwTATZnvKzHxrna0HNB84w
9rMw74AjLWKClmr3SpA4PkJ7Jn3r0zfoB8OLMBMnNA0cCb6+HXsF67ntRk7oTzfL
omg/GHzN/CPKNht8HjHkJATivTi4T/PhQsXaV0Q4ZUuQvu8SPYuQtb6NdkaKqaD7
GNtMKZJRfIp216PhDaIdRCTvrdRexJdJQafij0p1O9DQro4lRT+Xd63rPWzcknKm
8/oxo3ONXENQlQ5EBUlYVQ==
